<?xml version="1.0" encoding="UTF-8"?>
<!-- Generated by org.testng.reporters.JUnitXMLReporter -->
<testsuite hostname="RAMESH-PC" ignored="2" name="Default test" tests="1" failures="0" timestamp="09 Apr 2019 17:41:55 GMT" time="47.837" errors="0">
  <testcase name="logingiftease" time="24.346" classname="TestCases.LoginPageTest"/>
  <testcase name="ForgotPasswordPageTest" time="0.0" classname="TestCases.LoginPageTest">
    <ignored/>
  </testcase> <!-- ForgotPasswordPageTest -->
  <testcase name="loginPageTitleTest" time="0.0" classname="TestCases.LoginPageTest">
    <ignored/>
  </testcase> <!-- loginPageTitleTest -->
</testsuite> <!-- Default test -->
