<?xml version="1.0" encoding="UTF-8"?>
<!-- Generated by org.testng.reporters.JUnitXMLReporter -->
<testsuite hostname="PNQ-Ramesh-L" ignored="0" name="Default test" tests="5" failures="0" timestamp="01 Aug 2019 12:49:18 GMT" time="85.782" errors="0">
  <testcase name="VerifyForgotPasswordPageTitle" time="5.02" classname="TestCases.ForgotPasswordPageTest"/>
  <testcase name="loginPageTitleTest" time="0.005" classname="TestCases.LoginPageTest"/>
  <testcase name="ClickonSendEmailButton" time="4.745" classname="TestCases.ForgotPasswordPageTest"/>
  <testcase name="ForgotPasswordPageTest" time="3.661" classname="TestCases.LoginPageTest"/>
  <testcase name="logingiftease" time="23.313" classname="TestCases.LoginPageTest"/>
</testsuite> <!-- Default test -->
