<?xml version="1.0" encoding="UTF-8"?>
<!-- Generated by org.testng.reporters.JUnitXMLReporter -->
<testsuite hostname="RAMESH-PC" ignored="0" name="Test" tests="5" failures="0" timestamp="03 Feb 2019 07:07:24 GMT" time="260.347" errors="0">
  <testcase name="loginPageTitleTest" time="0.034" classname="TestCases.LoginPageTest"/>
  <testcase name="VerifyForgotPasswordPageTitle" time="29.827" classname="TestCases.ForgotPasswordPageTest"/>
  <testcase name="ForgotPasswordPageTest" time="25.511" classname="TestCases.LoginPageTest"/>
  <testcase name="ClickonSendEmailButton" time="60.781" classname="TestCases.ForgotPasswordPageTest"/>
  <testcase name="logingiftease" time="17.602" classname="TestCases.LoginPageTest"/>
</testsuite> <!-- Test -->
