<?xml version="1.0" encoding="UTF-8"?>
<!-- Generated by org.testng.reporters.JUnitXMLReporter -->
<testsuite hostname="RAMESH-PC" ignored="0" name="Test" tests="5" failures="0" timestamp="09 Apr 2019 17:51:26 GMT" time="170.322" errors="0">
  <testcase name="loginPageTitleTest" time="0.044" classname="TestCases.LoginPageTest"/>
  <testcase name="VerifyForgotPasswordPageTitle" time="12.771" classname="TestCases.ForgotPasswordPageTest"/>
  <testcase name="ForgotPasswordPageTest" time="19.212" classname="TestCases.LoginPageTest"/>
  <testcase name="ClickonSendEmailButton" time="14.881" classname="TestCases.ForgotPasswordPageTest"/>
  <testcase name="logingiftease" time="19.924" classname="TestCases.LoginPageTest"/>
</testsuite> <!-- Test -->
