<?xml version="1.0" encoding="UTF-8"?>
<!-- Generated by org.testng.reporters.JUnitXMLReporter -->
<testsuite hostname="RAMESH-PC" ignored="0" name="Command line test" tests="5" failures="0" timestamp="02 Feb 2019 04:31:32 GMT" time="234.025" errors="0">
  <testcase name="VerifyForgotPasswordPageTitle" time="13.528" classname="TestCases.ForgotPasswordPageTest"/>
  <testcase name="loginPageTitleTest" time="0.019" classname="TestCases.LoginPageTest"/>
  <testcase name="ClickonSendEmailButton" time="28.526" classname="TestCases.ForgotPasswordPageTest"/>
  <testcase name="ForgotPasswordPageTest" time="21.333" classname="TestCases.LoginPageTest"/>
  <testcase name="logingiftease" time="25.821" classname="TestCases.LoginPageTest"/>
</testsuite> <!-- Command line test -->
