<?xml version="1.0" encoding="UTF-8"?>
<!-- Generated by org.testng.reporters.JUnitXMLReporter -->
<testsuite hostname="RAMESH-PC" ignored="0" name="Command line test" tests="5" failures="0" timestamp="03 Feb 2019 05:01:08 GMT" time="285.506" errors="0">
  <testcase name="VerifyForgotPasswordPageTitle" time="44.503" classname="TestCases.ForgotPasswordPageTest"/>
  <testcase name="loginPageTitleTest" time="0.021" classname="TestCases.LoginPageTest"/>
  <testcase name="ClickonSendEmailButton" time="15.61" classname="TestCases.ForgotPasswordPageTest"/>
  <testcase name="ForgotPasswordPageTest" time="10.524" classname="TestCases.LoginPageTest"/>
  <testcase name="logingiftease" time="16.036" classname="TestCases.LoginPageTest"/>
</testsuite> <!-- Command line test -->
