<?xml version="1.0" encoding="UTF-8"?>
<testng-results skipped="0" failed="0" ignored="0" total="5" passed="5">
  <reporter-output>
  </reporter-output>
  <suite name="Default suite" duration-ms="84315" started-at="2019-09-06T09:16:13Z" finished-at="2019-09-06T09:17:37Z">
    <groups>
    </groups>
    <test name="Default test" duration-ms="84315" started-at="2019-09-06T09:16:13Z" finished-at="2019-09-06T09:17:37Z">
      <class name="TestCases.ForgotPasswordPageTest">
        <test-method status="PASS" signature="setUp()[pri:0, instance:TestCases.ForgotPasswordPageTest@57baeedf]" name="setUp" is-config="true" duration-ms="14658" started-at="2019-09-06T09:16:13Z" finished-at="2019-09-06T09:16:27Z">
          <reporter-output>
          </reporter-output>
        </test-method> <!-- setUp -->
        <test-method status="PASS" signature="VerifyForgotPasswordPageTitle()[pri:1, instance:TestCases.ForgotPasswordPageTest@57baeedf]" name="VerifyForgotPasswordPageTitle" duration-ms="5910" started-at="2019-09-06T09:16:27Z" finished-at="2019-09-06T09:16:33Z">
          <reporter-output>
          </reporter-output>
        </test-method> <!-- VerifyForgotPasswordPageTitle -->
        <test-method status="PASS" signature="tearDown()[pri:0, instance:TestCases.ForgotPasswordPageTest@57baeedf]" name="tearDown" is-config="true" duration-ms="77" started-at="2019-09-06T09:16:33Z" finished-at="2019-09-06T09:16:33Z">
          <reporter-output>
          </reporter-output>
        </test-method> <!-- tearDown -->
        <test-method status="PASS" signature="setUp()[pri:0, instance:TestCases.ForgotPasswordPageTest@57baeedf]" name="setUp" is-config="true" duration-ms="9447" started-at="2019-09-06T09:16:45Z" finished-at="2019-09-06T09:16:55Z">
          <reporter-output>
          </reporter-output>
        </test-method> <!-- setUp -->
        <test-method status="PASS" signature="ClickonSendEmailButton()[pri:2, instance:TestCases.ForgotPasswordPageTest@57baeedf]" name="ClickonSendEmailButton" duration-ms="4973" started-at="2019-09-06T09:16:55Z" finished-at="2019-09-06T09:17:00Z">
          <reporter-output>
          </reporter-output>
        </test-method> <!-- ClickonSendEmailButton -->
        <test-method status="PASS" signature="tearDown()[pri:0, instance:TestCases.ForgotPasswordPageTest@57baeedf]" name="tearDown" is-config="true" duration-ms="60" started-at="2019-09-06T09:17:00Z" finished-at="2019-09-06T09:17:00Z">
          <reporter-output>
          </reporter-output>
        </test-method> <!-- tearDown -->
      </class> <!-- TestCases.ForgotPasswordPageTest -->
      <class name="TestCases.LoginPageTest">
        <test-method status="PASS" signature="setUp()[pri:0, instance:TestCases.LoginPageTest@343f4d3d]" name="setUp" is-config="true" duration-ms="9782" started-at="2019-09-06T09:16:33Z" finished-at="2019-09-06T09:16:43Z">
          <reporter-output>
          </reporter-output>
        </test-method> <!-- setUp -->
        <test-method status="PASS" signature="loginPageTitleTest()[pri:1, instance:TestCases.LoginPageTest@343f4d3d]" name="loginPageTitleTest" duration-ms="9" started-at="2019-09-06T09:16:43Z" finished-at="2019-09-06T09:16:43Z">
          <reporter-output>
          </reporter-output>
        </test-method> <!-- loginPageTitleTest -->
        <test-method status="PASS" signature="tearDown()[pri:0, instance:TestCases.LoginPageTest@343f4d3d]" name="tearDown" is-config="true" duration-ms="2319" started-at="2019-09-06T09:16:43Z" finished-at="2019-09-06T09:16:45Z">
          <reporter-output>
          </reporter-output>
        </test-method> <!-- tearDown -->
        <test-method status="PASS" signature="setUp()[pri:0, instance:TestCases.LoginPageTest@343f4d3d]" name="setUp" is-config="true" duration-ms="8604" started-at="2019-09-06T09:17:00Z" finished-at="2019-09-06T09:17:08Z">
          <reporter-output>
          </reporter-output>
        </test-method> <!-- setUp -->
        <test-method status="PASS" signature="ForgotPasswordPageTest()[pri:2, instance:TestCases.LoginPageTest@343f4d3d]" name="ForgotPasswordPageTest" duration-ms="4886" started-at="2019-09-06T09:17:08Z" finished-at="2019-09-06T09:17:13Z">
          <reporter-output>
          </reporter-output>
        </test-method> <!-- ForgotPasswordPageTest -->
        <test-method status="PASS" signature="tearDown()[pri:0, instance:TestCases.LoginPageTest@343f4d3d]" name="tearDown" is-config="true" duration-ms="59" started-at="2019-09-06T09:17:13Z" finished-at="2019-09-06T09:17:13Z">
          <reporter-output>
          </reporter-output>
        </test-method> <!-- tearDown -->
        <test-method status="PASS" signature="setUp()[pri:0, instance:TestCases.LoginPageTest@343f4d3d]" name="setUp" is-config="true" duration-ms="9095" started-at="2019-09-06T09:17:13Z" finished-at="2019-09-06T09:17:22Z">
          <reporter-output>
          </reporter-output>
        </test-method> <!-- setUp -->
        <test-method status="PASS" signature="logingiftease()[pri:3, instance:TestCases.LoginPageTest@343f4d3d]" name="logingiftease" duration-ms="12088" started-at="2019-09-06T09:17:22Z" finished-at="2019-09-06T09:17:35Z">
          <reporter-output>
          </reporter-output>
        </test-method> <!-- logingiftease -->
        <test-method status="PASS" signature="tearDown()[pri:0, instance:TestCases.LoginPageTest@343f4d3d]" name="tearDown" is-config="true" duration-ms="2318" started-at="2019-09-06T09:17:35Z" finished-at="2019-09-06T09:17:37Z">
          <reporter-output>
          </reporter-output>
        </test-method> <!-- tearDown -->
      </class> <!-- TestCases.LoginPageTest -->
    </test> <!-- Default test -->
  </suite> <!-- Default suite -->
</testng-results>
